<?xml version="1.0" encoding="UTF-8"?>
<testsuite xmlns:xsi="http://www.w3.org/2001/XMLSchema-instance" xsi:noNamespaceSchemaLocation="https://maven.apache.org/surefire/maven-surefire-plugin/xsd/surefire-test-report-3.0.xsd" version="3.0" name="com.universidadbackend.repositorios.AlumnoRepositoryTest" time="4.126" tests="2" errors="0" skipped="0" failures="0">
  <properties>
[...]
</properties>
  <testcase name="buscarAlumnosPorNombreCarrerasinValores" classname="com.universidadbackend.repositorios.AlumnoRepositoryTest" time="0.579">
    <system-out><![CDATA[Hibernate: drop table if exists alumnos cascade 
Hibernate: drop table if exists aulas cascade 
Hibernate: drop table if exists carreras cascade 
Hibernate: drop table if exists empleados cascade 
Hibernate: drop table if exists pabellones cascade 
Hibernate: drop table if exists personas cascade 
Hibernate: drop table if exists profesor_carrera cascade 
Hibernate: drop table if exists profesores cascade 
Hibernate: create table alumnos (carrera_id integer, persona_id integer not null, primary key (persona_id))
Hibernate: create table aulas (cantidad_pupitres integer, id integer generated by default as identity, numero_aula integer not null, pabellon_id integer, fecha_alta timestamp(6), fecha_modificacion timestamp(6), medidas_mtsxmts varchar(255), tipo_pizarron varchar(255) check (tipo_pizarron in ('PIZARRA_TIZA','PIZARRA_BLANCA')), primary key (id))
Hibernate: create table carreras (cantidad_anios integer, cantidad_materias integer, id integer generated by default as identity, fecha_alta timestamp(6), fecha_modificacion timestamp(6), nombre varchar(80) not null unique, primary key (id))
Hibernate: create table empleados (pabellon_id integer unique, persona_id integer not null, sueldo numeric(38,2), tipo_empleado varchar(255) check (tipo_empleado in ('ADMINISTRATIVO','MANTENIMIENTO')), primary key (persona_id))
Hibernate: create table pabellones (id integer generated by default as identity, metros_cuadrados float(53), fecha_alta timestamp(6), fecha_modificacion timestamp(6), calle varchar(255), codigo_postal varchar(255), departamento varchar(255), localidad varchar(255), nombre_pabellon varchar(255) not null unique, numero varchar(255), piso varchar(255), primary key (id))
Hibernate: create table personas (id integer generated by default as identity, fecha_alta timestamp(6), fecha_modificacion timestamp(6), dni varchar(10) not null unique, apellido varchar(60) not null, nombre varchar(60) not null, calle varchar(255), codigo_postal varchar(255), departamento varchar(255), localidad varchar(255), numero varchar(255), piso varchar(255), primary key (id))
Hibernate: create table profesor_carrera (carrera_id integer not null, profesor_id integer not null, primary key (carrera_id, profesor_id))
Hibernate: create table profesores (persona_id integer not null, sueldo numeric(38,2), primary key (persona_id))
Hibernate: alter table if exists alumnos add constraint FKf5oh6efmksfdmbwyhjft54l72 foreign key (carrera_id) references carreras
Hibernate: alter table if exists alumnos add constraint FK6b7jscr4yvynh5e1h33b8w1js foreign key (persona_id) references personas
Hibernate: alter table if exists aulas add constraint FK_PABELLON_ID foreign key (pabellon_id) references pabellones
Hibernate: alter table if exists empleados add constraint FK_PABELLON_ID foreign key (pabellon_id) references pabellones
Hibernate: alter table if exists empleados add constraint FK6elkf383e7tk397yr5eviiph2 foreign key (persona_id) references personas
Hibernate: alter table if exists profesor_carrera add constraint FKd09sufekj7bg4ss3mwv9ub11 foreign key (carrera_id) references carreras
Hibernate: alter table if exists profesor_carrera add constraint FKglvgxyskpuh2ugfcojo14cxjv foreign key (profesor_id) references profesores
Hibernate: alter table if exists profesores add constraint FKbj63bxb4npp4y5mvuufmwg7p7 foreign key (persona_id) references personas
Hibernate: insert into personas (apellido,calle,codigo_postal,departamento,localidad,numero,piso,dni,fecha_alta,fecha_modificacion,nombre,id) values (?,?,?,?,?,?,?,?,?,?,?,default)
Hibernate: insert into alumnos (carrera_id,persona_id) values (?,?)
Hibernate: insert into personas (apellido,calle,codigo_postal,departamento,localidad,numero,piso,dni,fecha_alta,fecha_modificacion,nombre,id) values (?,?,?,?,?,?,?,?,?,?,?,default)
Hibernate: insert into alumnos (carrera_id,persona_id) values (?,?)
Hibernate: insert into personas (apellido,calle,codigo_postal,departamento,localidad,numero,piso,dni,fecha_alta,fecha_modificacion,nombre,id) values (?,?,?,?,?,?,?,?,?,?,?,default)
Hibernate: insert into alumnos (carrera_id,persona_id) values (?,?)
Hibernate: insert into carreras (cantidad_materias,cantidad_anios,fecha_alta,fecha_modificacion,nombre,id) values (?,?,?,?,?,default)
Hibernate: update personas set apellido=?,calle=?,codigo_postal=?,departamento=?,localidad=?,numero=?,piso=?,dni=?,fecha_alta=?,fecha_modificacion=?,nombre=? where id=?
Hibernate: update alumnos set carrera_id=? where persona_id=?
Hibernate: update personas set apellido=?,calle=?,codigo_postal=?,departamento=?,localidad=?,numero=?,piso=?,dni=?,fecha_alta=?,fecha_modificacion=?,nombre=? where id=?
Hibernate: update alumnos set carrera_id=? where persona_id=?
Hibernate: update personas set apellido=?,calle=?,codigo_postal=?,departamento=?,localidad=?,numero=?,piso=?,dni=?,fecha_alta=?,fecha_modificacion=?,nombre=? where id=?
Hibernate: update alumnos set carrera_id=? where persona_id=?
Hibernate: select a1_0.persona_id,a1_1.apellido,a1_1.calle,a1_1.codigo_postal,a1_1.departamento,a1_1.localidad,a1_1.numero,a1_1.piso,a1_1.dni,a1_1.fecha_alta,a1_1.fecha_modificacion,a1_1.nombre,c1_0.id,c1_0.cantidad_materias,c1_0.cantidad_anios,c1_0.fecha_alta,c1_0.fecha_modificacion,c1_0.nombre from alumnos a1_0 join personas a1_1 on a1_0.persona_id=a1_1.id join carreras c1_0 on c1_0.id=a1_0.carrera_id where c1_0.nombre=?
]]></system-out>
  </testcase>
  <testcase name="buscarAlumnosPorNombreCarrera" classname="com.universidadbackend.repositorios.AlumnoRepositoryTest" time="0.019">
    <system-out><![CDATA[Hibernate: insert into personas (apellido,calle,codigo_postal,departamento,localidad,numero,piso,dni,fecha_alta,fecha_modificacion,nombre,id) values (?,?,?,?,?,?,?,?,?,?,?,default)
Hibernate: insert into alumnos (carrera_id,persona_id) values (?,?)
Hibernate: insert into personas (apellido,calle,codigo_postal,departamento,localidad,numero,piso,dni,fecha_alta,fecha_modificacion,nombre,id) values (?,?,?,?,?,?,?,?,?,?,?,default)
Hibernate: insert into alumnos (carrera_id,persona_id) values (?,?)
Hibernate: insert into personas (apellido,calle,codigo_postal,departamento,localidad,numero,piso,dni,fecha_alta,fecha_modificacion,nombre,id) values (?,?,?,?,?,?,?,?,?,?,?,default)
Hibernate: insert into alumnos (carrera_id,persona_id) values (?,?)
Hibernate: insert into carreras (cantidad_materias,cantidad_anios,fecha_alta,fecha_modificacion,nombre,id) values (?,?,?,?,?,default)
Hibernate: update personas set apellido=?,calle=?,codigo_postal=?,departamento=?,localidad=?,numero=?,piso=?,dni=?,fecha_alta=?,fecha_modificacion=?,nombre=? where id=?
Hibernate: update alumnos set carrera_id=? where persona_id=?
Hibernate: update personas set apellido=?,calle=?,codigo_postal=?,departamento=?,localidad=?,numero=?,piso=?,dni=?,fecha_alta=?,fecha_modificacion=?,nombre=? where id=?
Hibernate: update alumnos set carrera_id=? where persona_id=?
Hibernate: update personas set apellido=?,calle=?,codigo_postal=?,departamento=?,localidad=?,numero=?,piso=?,dni=?,fecha_alta=?,fecha_modificacion=?,nombre=? where id=?
Hibernate: update alumnos set carrera_id=? where persona_id=?
Hibernate: select a1_0.persona_id,a1_1.apellido,a1_1.calle,a1_1.codigo_postal,a1_1.departamento,a1_1.localidad,a1_1.numero,a1_1.piso,a1_1.dni,a1_1.fecha_alta,a1_1.fecha_modificacion,a1_1.nombre,c1_0.id,c1_0.cantidad_materias,c1_0.cantidad_anios,c1_0.fecha_alta,c1_0.fecha_modificacion,c1_0.nombre from alumnos a1_0 join personas a1_1 on a1_0.persona_id=a1_1.id join carreras c1_0 on c1_0.id=a1_0.carrera_id where c1_0.nombre=?
]]></system-out>
  </testcase>
</testsuite>